"hl2\reslists\all.lst"
"hl2\reslists\engine.lst"
"bin\dxsupport.cfg"
"hl2\scripts\ChapterBackgrounds.txt"
"hl2\materials\console\background01.vtf"
"hl2\materials\console\startup_loading.vtf"
"hl2\scripts\gameinfo.txt"
"hl2\media\StartupVids.txt"
"bin\vidcfg.bin"
"hl2\SAVE"
"hl2\resource\serverevents.res"
"hl2\resource\gameevents.res"
"hl2\scripts\surfaceproperties_manifest.txt"
"hl2\scripts\surfaceproperties.txt"
"hl2\scripts\surfaceproperties_hl2.txt"
"hl2\resource\hltvevents.res"
"hl2\scripts\global_actors.txt"
"hl2\scripts\game_sounds_manifest.txt"
"hl2\scripts\game_sounds.txt"
"hl2\scripts\game_sounds_ui.txt"
"hl2\scripts\game_sounds_player.txt"
"hl2\scripts\game_sounds_weapons.txt"
"hl2\scripts\game_sounds_world.txt"
"hl2\scripts\game_sounds_ambient_generic.txt"
"hl2\scripts\game_sounds_items.txt"
"hl2\scripts\game_sounds_physics.txt"
"hl2\scripts\game_sounds_vehicles.txt"
"hl2\scripts\level_sounds_e3_c17.txt"
"hl2\scripts\level_sounds_e3_town.txt"
"hl2\scripts\level_sounds_e3_bugbait.txt"
"hl2\scripts\level_sounds_eli_lab.txt"
"hl2\scripts\level_sounds_trainyard.txt"
"hl2\scripts\level_sounds_k_lab.txt"
"hl2\scripts\level_sounds_k_lab2.txt"
"hl2\scripts\level_sounds_coast.txt"
"hl2\scripts\level_sounds_novaprospekt.txt"
"hl2\scripts\level_sounds_streetwar.txt"
"hl2\scripts\level_sounds_streetwar2.txt"
"hl2\scripts\level_sounds_breencast.txt"
"hl2\scripts\level_sounds_citadel.txt"
"hl2\scripts\level_sounds_canals.txt"
"hl2\scripts\level_sounds_ravenholm.txt"
"hl2\scripts\level_sounds_ravenholm2.txt"
"hl2\scripts\level_sounds_canals2.txt"
"hl2\scripts\level_sounds_music.txt"
"hl2\scripts\npc_sounds_eli.txt"
"hl2\scripts\npc_sounds_alyx.txt"
"hl2\scripts\npc_sounds_dog.txt"
"hl2\scripts\npc_sounds_citizen.txt"
"hl2\scripts\npc_sounds_barney.txt"
"hl2\scripts\npc_sounds_soldier.txt"
"hl2\scripts\npc_sounds_strider.txt"
"hl2\scripts\npc_sounds_zombie.txt"
"hl2\scripts\npc_sounds_vortigaunt.txt"
"hl2\scripts\npc_sounds_turret.txt"
"hl2\scripts\npc_sounds_scanner.txt"
"hl2\scripts\npc_sounds_rollermine.txt"
"hl2\scripts\npc_sounds_poisonzombie.txt"
"hl2\scripts\npc_sounds_metropolice.txt"
"hl2\scripts\npc_sounds_combinecamera.txt"
"hl2\scripts\npc_sounds_manhack.txt"
"hl2\scripts\npc_sounds_ichthyosaur.txt"
"hl2\scripts\npc_sounds_blackheadcrab.txt"
"hl2\scripts\npc_sounds_fastheadcrab.txt"
"hl2\scripts\npc_sounds_headcrab.txt"
"hl2\scripts\npc_sounds_fastzombie.txt"
"hl2\scripts\npc_sounds_birds.txt"
"hl2\scripts\npc_sounds_gunship.txt"
"hl2\scripts\npc_sounds_dropship.txt"
"hl2\scripts\npc_sounds_barnacle.txt"
"hl2\scripts\npc_sounds_attackheli.txt"
"hl2\scripts\npc_sounds_antlionguard.txt"
"hl2\scripts\npc_sounds_antlion.txt"
"hl2\scripts\npc_sounds_env_headcrabcanister.txt"
"hl2\scripts\npc_sounds_combine_ball.txt"
"hl2\scripts\npc_sounds_combine_mine.txt"
"hl2\scripts\npc_sounds_sniper.txt"
"hl2\scripts\npc_sounds_stalker.txt"
"hl2\scripts\npc_sounds_gman.txt"
"hl2\scripts\soundscapes_manifest.txt"
"hl2\scripts\soundscapes.txt"
"hl2\scripts\soundscapes_canals.txt"
"hl2\scripts\soundscapes_klab.txt"
"hl2\scripts\soundscapes_elab.txt"
"hl2\scripts\soundscapes_streetwar.txt"
"hl2\scripts\soundscapes_citadel.txt"
"hl2\scripts\soundscapes_town.txt"
"hl2\scripts\soundscapes_coast.txt"
"hl2\scripts\soundscapes_prison.txt"
"hl2\scripts\soundscapes_trainyard.txt"
"hl2\scripts\decals_subrect.txt"
"hl2\expressions\phonemes.vfe"
"hl2\expressions\phonemes_weak.vfe"
"hl2\expressions\phonemes_strong.vfe"
"hl2\expressions\random.vfe"
"hl2\expressions\randomAlert.vfe"
"hl2\scripts\talker\response_rules.txt"
"hl2\scripts\talker\interjections.txt"
"hl2\scripts\talker\npc_combine.txt"
"hl2\scripts\talker\response_k_lab.txt"
"hl2\scripts\talker\response_eli_lab.txt"
"hl2\scripts\talker\npc_vortigaunt.txt"
"hl2\scripts\talker\npc_citizen.txt"
"hl2\scripts\talker\npc_citizen_commandermode.txt"
"hl2\scripts\talker\npc_citizen_terminal.txt"
"hl2\scripts\talker\npc_citizen_tenement.txt"
"hl2\scripts\talker\npc_citizen_coast.txt"
"hl2\scripts\talker\npc_citizen_canals.txt"
"hl2\scripts\talker\npc_citizen_c17.txt"
"hl2\scripts\talker\npc_grigori.txt"
"hl2\scripts\talker\npc_barney.txt"
"hl2\scripts\talker\npc_alyx.txt"
"hl2\scene.cache"
"hl2\modelsounds.cache"
"hl2\materials\debug\debugempty.vmt"
"hl2\materials\debug\debugwireframe.vmt"
"hl2\materials\debug\debugtranslucentsinglecolor.vmt"
"hl2\materials\debug\debugtranslucentvertexcolor.vmt"
"hl2\materials\debug\debugworldwireframe.vmt"
"hl2\materials\debug\debugworldwireframezbuffer.vmt"
"hl2\materials\debug\debugbrushwireframe.vmt"
"hl2\materials\debug\debugdecalwireframe.vmt"
"hl2\materials\debug\debuglightmap.vmt"
"hl2\materials\debug\debuglightmapzbuffer.vmt"
"hl2\materials\debug\debugluxels.vmt"
"hl2\materials\debug\debugleafviswireframe.vmt"
"hl2\materials\debug\debugwireframevertexcolor.vmt"
"hl2\materials\debug\debugwireframevertexcolorignorez.vmt"
"hl2\materials\engine\lightsprite.vmt"
"hl2\materials\engine\shadowbuild.vmt"
"hl2\materials\debug\debugmrmwireframe.vmt"
"hl2\materials\engine\writez.vmt"
"hl2\materials\debug\debugmrmnormals.vmt"
"hl2\materials\debug\debugtranslucentmodelhulls.vmt"
"hl2\materials\debug\debugsolidmodelhulls.vmt"
"hl2\materials\engine\additivevertexcolorvertexalpha.vmt"
"hl2\materials\debug\debugmodelbones.vmt"
"hl2\materials\debug\env_cubemap_model.vmt"
"hl2\materials\vgui\white.vmt"
"hl2\Resource\SourceScheme.res"
"hl2\scripts\DebugOptions.txt"
"hl2\Resource\DemoUIPanel.res"
"hl2\materials\vgui\hud\800corner1.vmt"
"hl2\materials\effects\flashlight001.vtf"
"hl2\materials\vgui\hud\800corner1.vtf"
"hl2\shaders\fxc\vertexlit_and_unlit_generic_vs20.vcs"
"hl2\shaders\fxc\vertexlit_and_unlit_generic_ps20.vcs"
"hl2\materials\vgui\hud\800corner2.vmt"
"hl2\materials\vgui\hud\800corner2.vtf"
"hl2\materials\vgui\hud\800corner3.vmt"
"hl2\materials\vgui\hud\800corner3.vtf"
"hl2\materials\vgui\hud\800corner4.vmt"
"hl2\materials\vgui\hud\800corner4.vtf"
"hl2\Resource\BugUIPanel_Public.res"
"hl2\Resource\PerfUIPanel.res"
"hl2\Resource\PerfPropFadeUIPanel.res"
"hl2\Resource\PerfOcclusionUIPanel.res"
"hl2\Resource\VProfPanel.res"
"hl2\scripts\EngineVGuiLayout.res"
"hl2\shaders\vsh\fillrate.vcs"
"hl2\shaders\psh\fillrate.vcs"
"hl2\shaders\vsh\unlitgeneric_vs11.vcs"
"hl2\shaders\psh\unlitgeneric.vcs"
"hl2\shaders\vsh\LightmappedGeneric_LightingOnly.vcs"
"hl2\shaders\psh\LightmappedGeneric_LightingOnly_Overbright2.vcs"
"hl2\shaders\vsh\BumpmappedLightmap.vcs"
"hl2\shaders\fxc\DebugBumpmappedLightmap_ps20.vcs"
"hl2\shaders\vsh\UnlitGeneric_LightingOnly.vcs"
"hl2\shaders\psh\UnlitGeneric_NoTexture.vcs"
"hl2\shaders\vsh\LightingOnly.vcs"
"hl2\shaders\psh\VertexLitGeneric_LightingOnly_Overbright2.vcs"
"hl2\shaders\fxc\VertexLit_and_unlit_Generic_bump_vs20.vcs"
"hl2\shaders\fxc\VertexLit_Lighting_Only_ps20.vcs"
"hl2\shaders\fxc\debugdrawenvmapmask_vs20.vcs"
"hl2\shaders\fxc\debugdrawenvmapmask_ps20.vcs"
"hl2\shaders\fxc\debugdrawdepth_vs20.vcs"
"hl2\shaders\fxc\debugdrawdepth_ps20.vcs"
"hl2\materials\Debug\debugempty.vtf"
"hl2\shaders\fxc\lightmappedgeneric_ps20.vcs"
"hl2\shaders\fxc\lightmappedgeneric_vs20.vcs"
"hl2\shaders\fxc\lightmappedgeneric_flashlight_vs20.vcs"
"hl2\shaders\fxc\flashlight_ps20.vcs"
"hl2\materials\debug\debugluxels.vtf"
"hl2\materials\engine\lightsprite.vtf"
"hl2\shaders\psh\ShadowBuildTexture.vcs"
"hl2\shaders\vsh\writez.vcs"
"hl2\shaders\psh\white.vcs"
"hl2\Resource\valve_english.txt"
"hl2\resource\hl2_english.txt"
"hl2\Resource\gameui_english.txt"
"hl2\Resource\GameMenu.res"
"platform\config\InGameDialogConfig.vdf"
"hl2\scripts\sentences.txt"
"hl2\sound\npc\combine_soldier\pain1.wav"
"hl2\sound\npc\combine_soldier\pain2.wav"
"hl2\sound\npc\combine_soldier\pain3.wav"
"hl2\sound\npc\combine_soldier\die1.wav"
"hl2\sound\npc\combine_soldier\die2.wav"
"hl2\sound\npc\combine_soldier\die3.wav"
"hl2\sound\npc\combine_soldier\vo\on1.wav"
"hl2\sound\npc\combine_soldier\vo\leader.wav"
"hl2\sound\npc\combine_soldier\vo\flash.wav"
"hl2\sound\npc\combine_soldier\vo\ranger.wav"
"hl2\sound\npc\combine_soldier\vo\hunter.wav"
"hl2\sound\npc\combine_soldier\vo\blade.wav"
"hl2\sound\npc\combine_soldier\vo\scar.wav"
"hl2\sound\npc\combine_soldier\vo\hammer.wav"
"hl2\sound\npc\combine_soldier\vo\sweeper.wav"
"hl2\sound\npc\combine_soldier\vo\swift.wav"
"hl2\sound\npc\combine_soldier\vo\fist.wav"
"hl2\sound\npc\combine_soldier\vo\sword.wav"
"hl2\sound\npc\combine_soldier\vo\savage.wav"
"hl2\sound\npc\combine_soldier\vo\tracker.wav"
"hl2\sound\npc\combine_soldier\vo\slash.wav"
"hl2\sound\npc\combine_soldier\vo\razor.wav"
"hl2\sound\npc\combine_soldier\vo\stab.wav"
"hl2\sound\npc\combine_soldier\vo\spear.wav"
"hl2\sound\npc\combine_soldier\vo\striker.wav"
"hl2\sound\npc\combine_soldier\vo\dagger.wav"
"hl2\sound\npc\combine_soldier\vo\zero.wav"
"hl2\sound\npc\combine_soldier\vo\one.wav"
"hl2\sound\npc\combine_soldier\vo\two.wav"
"hl2\sound\npc\combine_soldier\vo\three.wav"
"hl2\sound\npc\combine_soldier\vo\four.wav"
"hl2\sound\npc\combine_soldier\vo\five.wav"
"hl2\sound\npc\combine_soldier\vo\six.wav"
"hl2\sound\npc\combine_soldier\vo\seven.wav"
"hl2\sound\npc\combine_soldier\vo\eight.wav"
"hl2\sound\npc\combine_soldier\vo\niner.wav"
"hl2\sound\npc\combine_soldier\vo\suppressing.wav"
"hl2\sound\npc\combine_soldier\vo\off1.wav"
"hl2\sound\npc\combine_soldier\vo\gosharp.wav"
"hl2\sound\npc\combine_soldier\vo\off2.wav"
"hl2\sound\npc\combine_soldier\vo\on2.wav"
"hl2\sound\npc\combine_soldier\vo\prosecuting.wav"
"hl2\sound\npc\combine_soldier\vo\engaging.wav"
"hl2\sound\npc\combine_soldier\vo\cover.wav"
"hl2\sound\npc\combine_soldier\vo\contact.wav"
"hl2\sound\npc\combine_soldier\vo\freeman3.wav"
"hl2\sound\npc\combine_soldier\vo\anticitizenone.wav"
"hl2\sound\npc\combine_soldier\vo\targetone.wav"
"hl2\sound\npc\combine_soldier\vo\priority1objective.wav"
"hl2\sound\npc\combine_soldier\vo\phantom.wav"
"hl2\sound\npc\combine_soldier\vo\ghost2.wav"
"hl2\sound\npc\combine_soldier\vo\contactconfirmprosecuting.wav"
"hl2\sound\npc\combine_soldier\vo\contactconfim.wav"
"hl2\sound\npc\combine_soldier\vo\targetmyradial.wav"
"hl2\sound\npc\combine_soldier\vo\ten.wav"
"hl2\sound\npc\combine_soldier\vo\eleven.wav"
"hl2\sound\npc\combine_soldier\vo\twelve.wav"
"hl2\sound\npc\combine_soldier\vo\thirteen.wav"
"hl2\sound\npc\combine_soldier\vo\fourteen.wav"
"hl2\sound\npc\combine_soldier\vo\fifteen.wav"
"hl2\sound\npc\combine_soldier\vo\sixteen.wav"
"hl2\sound\npc\combine_soldier\vo\seventeen.wav"
"hl2\sound\npc\combine_soldier\vo\eighteen.wav"
"hl2\sound\npc\combine_soldier\vo\nineteen.wav"
"hl2\sound\npc\combine_soldier\vo\twenty.wav"
"hl2\sound\npc\combine_soldier\vo\thirty.wav"
"hl2\sound\npc\combine_soldier\vo\fourty.wav"
"hl2\sound\npc\combine_soldier\vo\fifty.wav"
"hl2\sound\npc\combine_soldier\vo\sixty.wav"
"hl2\sound\npc\combine_soldier\vo\seventy.wav"
"hl2\sound\npc\combine_soldier\vo\eighty.wav"
"hl2\sound\npc\combine_soldier\vo\ninety.wav"
"hl2\sound\npc\combine_soldier\vo\onehundred.wav"
"hl2\sound\npc\combine_soldier\vo\twohundred.wav"
"hl2\sound\npc\combine_soldier\vo\threehundred.wav"
"hl2\sound\npc\combine_soldier\vo\degrees.wav"
"hl2\sound\npc\combine_soldier\vo\off3.wav"
"hl2\sound\npc\combine_soldier\vo\closing.wav"
"hl2\sound\npc\combine_soldier\vo\inbound.wav"
"hl2\sound\npc\combine_soldier\vo\movein.wav"
"hl2\sound\npc\combine_soldier\vo\sweepingin.wav"
"hl2\sound\npc\combine_soldier\vo\coverme.wav"
"hl2\sound\npc\combine_soldier\vo\unitisclosing.wav"
"hl2\sound\npc\combine_soldier\vo\unitisinbound.wav"
"hl2\sound\npc\combine_soldier\vo\unitismovingin.wav"
"hl2\sound\npc\combine_soldier\vo\alert1.wav"
"hl2\sound\npc\combine_soldier\vo\executingfullresponse.wav"
"hl2\sound\npc\combine_soldier\vo\targetblackout.wav"
"hl2\sound\npc\combine_soldier\vo\lostcontact.wav"
"hl2\sound\npc\combine_soldier\vo\motioncheckallradials.wav"
"hl2\sound\npc\combine_soldier\vo\stayalertreportsightlines.wav"
"hl2\sound\npc\combine_soldier\vo\overwatch.wav"
"hl2\sound\npc\combine_soldier\vo\_comma.wav"
"hl2\sound\npc\combine_soldier\vo\teamdeployedandscanning.wav"
"hl2\sound\npc\combine_soldier\vo\engagedincleanup.wav"
"hl2\sound\npc\combine_soldier\vo\readyweapons.wav"
"hl2\sound\npc\combine_soldier\vo\stayalert.wav"
"hl2\sound\npc\combine_soldier\vo\targetisat.wav"
"hl2\sound\npc\combine_soldier\vo\readyextractors.wav"
"hl2\sound\npc\combine_soldier\vo\readycharges.wav"
"hl2\sound\npc\combine_soldier\vo\fixsightlinesmovein.wav"
"hl2\sound\npc\combine_soldier\vo\containmentproceeding.wav"
"hl2\sound\npc\combine_soldier\vo\onedown.wav"
"hl2\sound\npc\combine_soldier\vo\onedutyvacated.wav"
"hl2\sound\npc\combine_soldier\vo\heavyresistance.wav"
"hl2\sound\npc\combine_soldier\vo\overwatchrequestreinforcement.wav"
"hl2\sound\npc\combine_soldier\vo\hardenthatposition.wav"
"hl2\sound\npc\combine_soldier\vo\target.wav"
"hl2\sound\npc\combine_soldier\vo\goactiveintercept.wav"
"hl2\sound\npc\combine_soldier\vo\range.wav"
"hl2\sound\npc\combine_soldier\vo\targetcontactat.wav"
"hl2\sound\npc\combine_soldier\vo\dash.wav"
"hl2\sound\npc\combine_soldier\vo\viscon.wav"
"hl2\sound\npc\combine_soldier\vo\bearing.wav"
"hl2\sound\npc\combine_soldier\vo\extractoraway.wav"
"hl2\sound\npc\combine_soldier\vo\extractorislive.wav"
"hl2\sound\npc\combine_soldier\vo\flush.wav"
"hl2\sound\npc\combine_soldier\vo\sharpzone.wav"
"hl2\sound\npc\combine_soldier\vo\_period.wav"
"hl2\sound\npc\combine_soldier\vo\bouncerbouncer.wav"
"hl2\sound\npc\combine_soldier\vo\flaredown.wav"
"hl2\sound\npc\combine_soldier\vo\displace.wav"
"hl2\sound\npc\combine_soldier\vo\displace2.wav"
"hl2\sound\npc\combine_soldier\vo\ripcordripcord.wav"
"hl2\sound\npc\combine_soldier\vo\meters.wav"
"hl2\sound\npc\combine_soldier\vo\gosharpgosharp.wav"
"hl2\sound\npc\combine_soldier\vo\callcontacttarget1.wav"
"hl2\sound\npc\combine_soldier\vo\grid.wav"
"hl2\sound\npc\combine_soldier\vo\designatetargetas.wav"
"hl2\sound\npc\combine_soldier\vo\targetcompromisedmovein.wav"
"hl2\sound\npc\combine_soldier\vo\affirmativewegothimnow.wav"
"hl2\sound\npc\combine_soldier\vo\thatsitwrapitup.wav"
"hl2\sound\npc\combine_soldier\vo\confirmsectornotsterile.wav"
"hl2\sound\npc\combine_soldier\vo\visualonexogens.wav"
"hl2\sound\npc\combine_soldier\vo\sector.wav"
"hl2\sound\npc\combine_soldier\vo\infected.wav"
"hl2\sound\npc\combine_soldier\vo\swarmoutbreakinsector.wav"
"hl2\sound\npc\combine_soldier\vo\weareinaninfestationzone.wav"
"hl2\sound\npc\combine_soldier\vo\wehavenontaggedviromes.wav"
"hl2\sound\npc\combine_soldier\vo\outbreak.wav"
"hl2\sound\npc\combine_soldier\vo\prioritytwoescapee.wav"
"hl2\sound\npc\combine_soldier\vo\outbreakstatusiscode.wav"
"hl2\sound\npc\combine_soldier\vo\hurricane.wav"
"hl2\sound\npc\combine_soldier\vo\necrotics.wav"
"hl2\sound\npc\combine_soldier\vo\necroticsinbound.wav"
"hl2\sound\npc\combine_soldier\vo\callcontactparasitics.wav"
"hl2\sound\npc\combine_soldier\vo\wehavefreeparasites.wav"
"hl2\sound\npc\combine_soldier\vo\cleaned.wav"
"hl2\sound\npc\combine_soldier\vo\contained.wav"
"hl2\sound\npc\combine_soldier\vo\coverhurt.wav"
"hl2\sound\npc\combine_soldier\vo\requestmedical.wav"
"hl2\sound\npc\combine_soldier\vo\requeststimdose.wav"
"hl2\sound\npc\combine_soldier\vo\targetineffective.wav"
"hl2\sound\npc\combine_soldier\vo\bodypackholding.wav"
"hl2\sound\npc\combine_soldier\vo\fullactive.wav"
"hl2\sound\npc\combine_soldier\vo\overwatchrequestreserveactivation.wav"
"hl2\sound\npc\combine_soldier\vo\sectorisnotsecure.wav"
"hl2\sound\npc\combine_soldier\vo\isfinalteamunitbackup.wav"
"hl2\sound\npc\combine_soldier\vo\overwatchteamisdown.wav"
"hl2\sound\npc\combine_soldier\vo\overwatchsectoroverrun.wav"
"hl2\sound\npc\combine_soldier\vo\overwatchrequestskyshield.wav"
"hl2\sound\npc\combine_soldier\vo\overwatchrequestwinder.wav"
"hl2\sound\npc\combine_soldier\vo\overwatchconfirmhvtcontained.wav"
"hl2\sound\npc\combine_soldier\vo\overwatchtarget1sterilized.wav"
"hl2\sound\npc\combine_soldier\vo\overwatchtargetcontained.wav"
"hl2\sound\npc\combine_soldier\vo\stabilizationteamhassector.wav"
"hl2\sound\npc\combine_soldier\vo\secure.wav"
"hl2\sound\npc\combine_soldier\vo\delivered.wav"
"hl2\sound\npc\combine_soldier\vo\antiseptic.wav"
"hl2\sound\npc\combine_soldier\vo\administer.wav"
"hl2\sound\npc\combine_soldier\vo\ghost.wav"
"hl2\sound\npc\combine_soldier\vo\reaper.wav"
"hl2\sound\npc\combine_soldier\vo\nomad.wav"
"hl2\sound\npc\combine_soldier\vo\judge.wav"
"hl2\sound\npc\combine_soldier\vo\shadow.wav"
"hl2\sound\npc\combine_soldier\vo\slam.wav"
"hl2\sound\npc\combine_soldier\vo\stinger.wav"
"hl2\sound\npc\combine_soldier\vo\storm.wav"
"hl2\sound\npc\combine_soldier\vo\vamp.wav"
"hl2\sound\npc\combine_soldier\vo\winder.wav"
"hl2\sound\npc\combine_soldier\vo\star.wav"
"hl2\sound\npc\combine_soldier\vo\apex.wav"
"hl2\sound\npc\combine_soldier\vo\ion.wav"
"hl2\sound\npc\combine_soldier\vo\jet.wav"
"hl2\sound\npc\combine_soldier\vo\kilo.wav"
"hl2\sound\npc\combine_soldier\vo\mace.wav"
"hl2\sound\npc\combine_soldier\vo\nova.wav"
"hl2\sound\npc\combine_soldier\vo\payback.wav"
"hl2\sound\npc\combine_soldier\vo\sundown.wav"
"hl2\sound\npc\combine_soldier\vo\uniform.wav"
"hl2\sound\npc\combine_soldier\vo\boomer.wav"
"hl2\sound\npc\combine_soldier\vo\echo.wav"
"hl2\sound\npc\combine_soldier\vo\flatline.wav"
"hl2\sound\npc\combine_soldier\vo\helix.wav"
"hl2\sound\npc\combine_soldier\vo\ice.wav"
"hl2\sound\npc\combine_soldier\vo\quicksand.wav"
"hl2\sound\npc\combine_soldier\vo\ripcord.wav"
"hl2\sound\npc\combine_soldier\vo\overwatchreportspossiblehostiles.wav"
"hl2\sound\npc\combine_soldier\vo\ovewatchorders3ccstimboost.wav"
"hl2\sound\npc\combine_soldier\vo\stabilizationteamholding.wav"
"hl2\sound\npc\combine_soldier\vo\standingby].wav"
"hl2\sound\npc\combine_soldier\vo\readyweaponshostilesinbound.wav"
"hl2\sound\npc\combine_soldier\vo\prepforcontact.wav"
"hl2\sound\npc\combine_soldier\vo\skyshieldreportslostcontact.wav"
"hl2\sound\npc\combine_soldier\vo\weaponsoffsafeprepforcontact.wav"
"hl2\sound\npc\combine_soldier\vo\isatcode.wav"
"hl2\sound\npc\combine_soldier\vo\affirmative.wav"
"hl2\sound\npc\combine_soldier\vo\copy.wav"
"hl2\sound\npc\combine_soldier\vo\copythat.wav"
"hl2\sound\npc\combine_soldier\vo\affirmative2.wav"
"hl2\sound\npc\combine_soldier\vo\hasnegativemovement.wav"
"hl2\sound\npc\combine_soldier\vo\isholdingatcode.wav"
"hl2\sound\npc\combine_soldier\vo\noviscon.wav"
"hl2\sound\npc\combine_soldier\vo\sightlineisclear.wav"
"hl2\sound\npc\combine_soldier\vo\reportingclear.wav"
"hl2\sound\npc\combine_soldier\vo\sectorissecurenovison.wav"
"hl2\sound\npc\combine_soldier\vo\reportallpositionsclear.wav"
"hl2\sound\npc\combine_soldier\vo\reportallradialsfree.wav"
"hl2\sound\npc\overwatch\radiovoice\die1.wav"
"hl2\sound\npc\overwatch\radiovoice\on3.wav"
"hl2\sound\npc\overwatch\radiovoice\unitdownat.wav"
"hl2\sound\npc\overwatch\radiovoice\block.wav"
"hl2\sound\npc\overwatch\radiovoice\zone.wav"
"hl2\sound\npc\overwatch\radiovoice\sector.wav"
"hl2\sound\npc\overwatch\radiovoice\stationblock.wav"
"hl2\sound\npc\overwatch\radiovoice\transitblock.wav"
"hl2\sound\npc\overwatch\radiovoice\workforceintake.wav"
"hl2\sound\npc\overwatch\radiovoice\canalblock.wav"
"hl2\sound\npc\overwatch\radiovoice\stormsystem.wav"
"hl2\sound\npc\overwatch\radiovoice\wasteriver.wav"
"hl2\sound\npc\overwatch\radiovoice\deservicedarea.wav"
"hl2\sound\npc\overwatch\radiovoice\industrialzone.wav"
"hl2\sound\npc\overwatch\radiovoice\restrictedblock.wav"
"hl2\sound\npc\overwatch\radiovoice\repurposedarea.wav"
"hl2\sound\npc\overwatch\radiovoice\condemnedzone.wav"
"hl2\sound\npc\overwatch\radiovoice\infestedzone.wav"
"hl2\sound\npc\overwatch\radiovoice\nonpatrolregion.wav"
"hl2\sound\npc\overwatch\radiovoice\externaljurisdiction.wav"
"hl2\sound\npc\overwatch\radiovoice\stabilizationjurisdiction.wav"
"hl2\sound\npc\overwatch\radiovoice\outlandzone.wav"
"hl2\sound\npc\overwatch\radiovoice\residentialblock.wav"
"hl2\sound\npc\overwatch\radiovoice\404zone.wav"
"hl2\sound\npc\overwatch\radiovoice\distributionblock.wav"
"hl2\sound\npc\overwatch\radiovoice\productionblock.wav"
"hl2\sound\npc\overwatch\radiovoice\highpriorityregion.wav"
"hl2\sound\npc\overwatch\radiovoice\terminalrestrictionzone.wav"
"hl2\sound\npc\overwatch\radiovoice\controlsection.wav"
"hl2\sound\npc\overwatch\radiovoice\zero.wav"
"hl2\sound\npc\overwatch\radiovoice\one.wav"
"hl2\sound\npc\overwatch\radiovoice\two.wav"
"hl2\sound\npc\overwatch\radiovoice\three.wav"
"hl2\sound\npc\overwatch\radiovoice\four.wav"
"hl2\sound\npc\overwatch\radiovoice\five.wav"
"hl2\sound\npc\overwatch\radiovoice\six.wav"
"hl2\sound\npc\overwatch\radiovoice\seven.wav"
"hl2\sound\npc\overwatch\radiovoice\eight.wav"
"hl2\sound\npc\overwatch\radiovoice\nine.wav"
"hl2\sound\npc\overwatch\radiovoice\allteamsrespondcode3.wav"
"hl2\sound\npc\overwatch\radiovoice\defender.wav"
"hl2\sound\npc\overwatch\radiovoice\hero.wav"
"hl2\sound\npc\overwatch\radiovoice\jury.wav"
"hl2\sound\npc\overwatch\radiovoice\king.wav"
"hl2\sound\npc\overwatch\radiovoice\line.wav"
"hl2\sound\npc\overwatch\radiovoice\patrol.wav"
"hl2\sound\npc\overwatch\radiovoice\quick.wav"
"hl2\sound\npc\overwatch\radiovoice\roller.wav"
"hl2\sound\npc\overwatch\radiovoice\stick.wav"
"hl2\sound\npc\overwatch\radiovoice\tap.wav"
"hl2\sound\npc\overwatch\radiovoice\union.wav"
"hl2\sound\npc\overwatch\radiovoice\victor.wav"
"hl2\sound\npc\overwatch\radiovoice\xray.wav"
"hl2\sound\npc\overwatch\radiovoice\yellow.wav"
"hl2\sound\npc\overwatch\radiovoice\vice.wav"
"hl2\sound\npc\overwatch\radiovoice\off2.wav"
"hl2\sound\npc\overwatch\radiovoice\die2.wav"
"hl2\sound\npc\overwatch\radiovoice\die3.wav"
"hl2\sound\npc\overwatch\radiovoice\lostbiosignalforunit.wav"
"hl2\sound\npc\overwatch\radiovoice\unitdeserviced.wav"
"hl2\sound\npc\overwatch\radiovoice\_comma.wav"
"hl2\sound\npc\overwatch\radiovoice\remainingunitscontain.wav"
"hl2\sound\npc\metropolice\vo\on1.wav"
"hl2\sound\npc\metropolice\vo\designatesuspectas.wav"
"hl2\sound\npc\metropolice\vo\subject.wav"
"hl2\sound\npc\metropolice\vo\citizen.wav"
"hl2\sound\npc\metropolice\vo\UPI.wav"
"hl2\sound\npc\metropolice\vo\noncitizen.wav"
"hl2\sound\npc\metropolice\vo\sociocide.wav"
"hl2\sound\npc\metropolice\vo\anticitizen.wav"
"hl2\sound\npc\metropolice\vo\freeman.wav"
"hl2\sound\npc\metropolice\vo\infection.wav"
"hl2\sound\npc\metropolice\vo\allunitscode2.wav"
"hl2\sound\npc\metropolice\vo\off1.wav"
"hl2\sound\npc\metropolice\vo\on2.wav"
"hl2\sound\npc\metropolice\vo\thereheis.wav"
"hl2\sound\npc\metropolice\vo\zero.wav"
"hl2\sound\npc\metropolice\vo\one.wav"
"hl2\sound\npc\metropolice\vo\two.wav"
"hl2\sound\npc\metropolice\vo\three.wav"
"hl2\sound\npc\metropolice\vo\four.wav"
"hl2\sound\npc\metropolice\vo\five.wav"
"hl2\sound\npc\metropolice\vo\six.wav"
"hl2\sound\npc\metropolice\vo\seven.wav"
"hl2\sound\npc\metropolice\vo\eight.wav"
"hl2\sound\npc\metropolice\vo\nine.wav"
"hl2\sound\npc\metropolice\vo\ten.wav"
"hl2\sound\npc\metropolice\vo\eleven.wav"
"hl2\sound\npc\metropolice\vo\twelve.wav"
"hl2\sound\npc\metropolice\vo\thirteen.wav"
"hl2\sound\npc\metropolice\vo\fourteen.wav"
"hl2\sound\npc\metropolice\vo\fifteen.wav"
"hl2\sound\npc\metropolice\vo\sixteen.wav"
"hl2\sound\npc\metropolice\vo\seventeen.wav"
"hl2\sound\npc\metropolice\vo\eighteen.wav"
"hl2\sound\npc\metropolice\vo\nineteen.wav"
"hl2\sound\npc\metropolice\vo\twenty.wav"
"hl2\sound\npc\metropolice\vo\thirty.wav"
"hl2\sound\npc\metropolice\vo\fourty.wav"
"hl2\sound\npc\metropolice\vo\fifty.wav"
"hl2\sound\npc\metropolice\vo\sixty.wav"
"hl2\sound\npc\metropolice\vo\seventy.wav"
"hl2\sound\npc\metropolice\vo\eighty.wav"
"hl2\sound\npc\metropolice\vo\ninety.wav"
"hl2\sound\npc\metropolice\vo\onehundred.wav"
"hl2\sound\npc\metropolice\vo\twohundred.wav"
"hl2\sound\npc\metropolice\vo\threehundred.wav"
"hl2\sound\npc\metropolice\vo\meters.wav"
"hl2\sound\npc\metropolice\vo\off4.wav"
"hl2\sound\npc\metropolice\vo\contactwith243suspect.wav"
"hl2\sound\npc\metropolice\vo\_comma.wav"
"hl2\sound\npc\metropolice\vo\block.wav"
"hl2\sound\npc\metropolice\vo\zone.wav"
"hl2\sound\npc\metropolice\vo\sector.wav"
"hl2\sound\npc\metropolice\vo\stationblock.wav"
"hl2\sound\npc\metropolice\vo\transitblock.wav"
"hl2\sound\npc\metropolice\vo\workforceintake.wav"
"hl2\sound\npc\metropolice\vo\canalblock.wav"
"hl2\sound\npc\metropolice\vo\stormsystem.wav"
"hl2\sound\npc\metropolice\vo\wasteriver.wav"
"hl2\sound\npc\metropolice\vo\deservicedarea.wav"
"hl2\sound\npc\metropolice\vo\industrialzone.wav"
"hl2\sound\npc\metropolice\vo\restrictedblock.wav"
"hl2\sound\npc\metropolice\vo\repurposedarea.wav"
"hl2\sound\npc\metropolice\vo\condemnedzone.wav"
"hl2\sound\npc\metropolice\vo\infestedzone.wav"
"hl2\sound\npc\metropolice\vo\nonpatrolregion.wav"
"hl2\sound\npc\metropolice\vo\externaljurisdiction.wav"
"hl2\sound\npc\metropolice\vo\stabilizationjurisdiction.wav"
"hl2\sound\npc\metropolice\vo\outlandzone.wav"
"hl2\sound\npc\metropolice\vo\residentialblock.wav"
"hl2\sound\npc\metropolice\vo\404zone.wav"
"hl2\sound\npc\metropolice\vo\distributionblock.wav"
"hl2\sound\npc\metropolice\vo\productionblock.wav"
"hl2\sound\npc\metropolice\vo\highpriorityregion.wav"
"hl2\sound\npc\metropolice\vo\terminalrestrictionzone.wav"
"hl2\sound\npc\metropolice\vo\controlsection.wav"
"hl2\sound\npc\metropolice\vo\off3.wav"
"hl2\sound\npc\metropolice\vo\allunitsrespondcode3.wav"
"hl2\sound\npc\metropolice\vo\suspectinstormrunoff.wav"
"hl2\sound\npc\metropolice\vo\hesupthere.wav"
"hl2\sound\npc\metropolice\vo\suspectusingrestrictedcanals.wav"
"hl2\sound\npc\metropolice\pain1.wav"
"hl2\sound\npc\metropolice\pain2.wav"
"hl2\sound\npc\metropolice\pain3.wav"
"hl2\sound\npc\metropolice\vo\minorhitscontinuing.wav"
"hl2\sound\npc\metropolice\vo\11-99officerneedsassistance.wav"
"hl2\sound\npc\metropolice\vo\officerneedshelp.wav"
"hl2\sound\npc\metropolice\vo\dispatchIneed10-78.wav"
"hl2\sound\npc\metropolice\vo\officerneedsassistance.wav"
"hl2\sound\npc\metropolice\vo\unitis10-8standingby.wav"
"hl2\sound\npc\metropolice\vo\unitisonduty10-8.wav"
"hl2\sound\npc\metropolice\vo\holdingon10-14duty.wav"
"hl2\sound\npc\metropolice\vo\unitis10-65.wav"
"hl2\sound\npc\metropolice\vo\code7.wav"
"hl2\sound\npc\overwatch\radiovoice\attemptedcrime27.wav"
"hl2\sound\npc\overwatch\radiovoice\disengaged647e.wav"
"hl2\sound\npc\overwatch\radiovoice\disturbingunity415.wav"
"hl2\sound\npc\overwatch\radiovoice\disturbancemental10-103m.wav"
"hl2\sound\npc\overwatch\radiovoice\illegalinoperation63s.wav"
"hl2\sound\npc\overwatch\radiovoice\threattoproperty51b.wav"
"hl2\sound\npc\overwatch\radiovoice\inprogress.wav"
"hl2\sound\npc\overwatch\radiovoice\respond.wav"
"hl2\sound\npc\overwatch\radiovoice\airwatchcopiesnoactivity.wav"
"hl2\sound\npc\overwatch\radiovoice\pressure.wav"
"hl2\sound\npc\overwatch\radiovoice\document.wav"
"hl2\sound\npc\overwatch\radiovoice\restrict.wav"
"hl2\sound\npc\overwatch\radiovoice\intercede.wav"
"hl2\sound\npc\overwatch\radiovoice\preserve.wav"
"hl2\sound\npc\overwatch\radiovoice\search.wav"
"hl2\sound\npc\overwatch\radiovoice\suspend.wav"
"hl2\sound\npc\overwatch\radiovoice\investigate.wav"
"hl2\sound\npc\overwatch\radiovoice\interlock.wav"
"hl2\sound\npc\overwatch\radiovoice\isolate.wav"
"hl2\sound\npc\overwatch\radiovoice\administer.wav"
"hl2\sound\npc\overwatch\radiovoice\cauterize.wav"
"hl2\sound\npc\overwatch\radiovoice\inject.wav"
"hl2\sound\npc\overwatch\radiovoice\innoculate.wav"
"hl2\sound\npc\overwatch\radiovoice\examine.wav"
"hl2\sound\npc\overwatch\radiovoice\apply.wav"
"hl2\sound\npc\overwatch\radiovoice\prosecute.wav"
"hl2\sound\npc\overwatch\radiovoice\serve.wav"
"hl2\sound\npc\overwatch\radiovoice\sterilize.wav"
"hl2\sound\npc\overwatch\radiovoice\amputate.wav"
"hl2\sound\npc\overwatch\radiovoice\lock.wav"
"hl2\sound\npc\metropolice\vo\ptatlocationreport.wav"
"hl2\sound\npc\metropolice\vo\anyonepickup647e.wav"
"hl2\sound\npc\metropolice\vo\stillgetting647e.wav"
"hl2\sound\npc\overwatch\radiovoice\teamsreportstatus.wav"
"hl2\sound\npc\metropolice\vo\clearno647no10-107.wav"
"hl2\sound\npc\metropolice\vo\wearesociostablethislocation.wav"
"hl2\sound\npc\metropolice\vo\blockisholdingcohesive.wav"
"hl2\sound\npc\metropolice\vo\control100percent.wav"
"hl2\sound\npc\metropolice\vo\checkformiscount.wav"
"hl2\sound\npc\metropolice\vo\catchthatbliponstabilization.wav"
"hl2\sound\npc\metropolice\vo\pickingupnoncorplexindy.wav"
"hl2\sound\npc\overwatch\radiovoice\confirmupialert.wav"
"hl2\sound\npc\overwatch\radiovoice\recalibratesocioscan.wav"
"hl2\sound\npc\overwatch\radiovoice\airwatchreportspossiblemiscount.wav"
"hl2\sound\npc\overwatch\radiovoice\recievingconflictingdata.wav"
"hl2\sound\npc\metropolice\vo\copy.wav"
"hl2\sound\npc\metropolice\vo\rodgerthat.wav"
"hl2\sound\npc\metropolice\vo\ten4.wav"
"hl2\sound\npc\metropolice\vo\ten2.wav"
"hl2\sound\npc\metropolice\vo\ten97.wav"
"hl2\sound\npc\metropolice\vo\affirmative.wav"
"hl2\sound\npc\metropolice\vo\affirmative2.wav"
"hl2\sound\npc\metropolice\vo\getoutofhere.wav"
"hl2\sound\npc\metropolice\vo\movealong.wav"
"hl2\sound\npc\metropolice\vo\vacatecitizen.wav"
"hl2\sound\npc\metropolice\vo\youwantamalcomplianceverdict.wav"
"hl2\sound\npc\metropolice\vo\lookingfortrouble.wav"
"hl2\sound\npc\metropolice\vo\possiblelevel3civilprivacyviolator.wav"
"hl2\sound\npc\metropolice\vo\possible647erequestairwatch.wav"
"hl2\sound\npc\metropolice\vo\possible10-103alerttagunits.wav"
"hl2\sound\npc\metropolice\vo\gota10-107sendairwatch.wav"
"hl2\sound\npc\metropolice\vo\ten97suspectisgoa.wav"
"hl2\sound\npc\metropolice\vo\suspect11-6my1020is.wav"
"hl2\sound\npc\metropolice\vo\ten8standingby.wav"
"hl2\sound\npc\metropolice\vo\code100.wav"
"hl2\sound\npc\overwatch\radiovoice\allunitsbolfor243suspect.wav"
"hl2\sound\npc\overwatch\radiovoice\suspectisnow187.wav"
"hl2\sound\npc\overwatch\radiovoice\criminaltrespass63.wav"
"hl2\sound\npc\overwatch\radiovoice\nonsanctionedarson51.wav"
"hl2\sound\npc\overwatch\radiovoice\posession69.wav"
"hl2\sound\npc\overwatch\radiovoice\publicnoncompliance507.wav"
"hl2\sound\npc\overwatch\radiovoice\recklessoperation99.wav"
"hl2\sound\npc\overwatch\radiovoice\resistingpacification148.wav"
"hl2\sound\npc\overwatch\radiovoice\riot404.wav"
"hl2\sound\npc\overwatch\radiovoice\fugitive17f.wav"
"hl2\sound\npc\overwatch\radiovoice\weapon94.wav"
"hl2\sound\npc\overwatch\radiovoice\alarms62.wav"
"hl2\sound\npc\overwatch\radiovoice\assault243.wav"
"hl2\sound\npc\overwatch\radiovoice\illegalcarrying95.wav"
"hl2\sound\npc\overwatch\radiovoice\unlawfulentry603.wav"
"hl2\sound\npc\overwatch\radiovoice\allunitsat.wav"
"hl2\sound\npc\overwatch\radiovoice\politistablizationmarginal.wav"
"hl2\sound\npc\overwatch\radiovoice\restrictedincursioninprogress.wav"
"hl2\sound\npc\overwatch\radiovoice\officerat.wav"
"hl2\sound\npc\overwatch\radiovoice\investigateandreport.wav"
"hl2\sound\npc\overwatch\radiovoice\socialfractureinprogress.wav"
"hl2\sound\npc\overwatch\radiovoice\prematuremissiontermination.wav"
"hl2\sound\npc\overwatch\radiovoice\permanentoffworld.wav"
"hl2\sound\npc\overwatch\radiovoice\immediateamputation.wav"
"hl2\sound\npc\overwatch\radiovoice\halfreproductioncredits.wav"
"hl2\sound\npc\overwatch\radiovoice\halfrankpoints.wav"
"hl2\sound\npc\overwatch\radiovoice\preparevisualdownload.wav"
"hl2\sound\npc\overwatch\radiovoice\leadersreportratios.wav"
"hl2\sound\npc\overwatch\radiovoice\failuretotreatoutbreak.wav"
"hl2\sound\npc\overwatch\radiovoice\antifatigueration3mg.wav"
"hl2\sound\npc\overwatch\radiovoice\accomplicesoperating.wav"
"hl2\sound\npc\overwatch\radiovoice\remindermemoryreplacement.wav"
"hl2\sound\npc\overwatch\radiovoice\reminder100credits.wav"
"hl2\sound\npc\metropolice\vo\cprequestsallunitsreportin.wav"
"hl2\sound\npc\metropolice\vo\cpbolforthat243.wav"
"hl2\sound\npc\metropolice\vo\localcptreportstatus.wav"
"hl2\sound\npc\overwatch\radiovoice\statuson243suspect.wav"
"hl2\sound\npc\overwatch\radiovoice\reporton.wav"
"hl2\sound\npc\overwatch\radiovoice\subject.wav"
"hl2\sound\npc\overwatch\radiovoice\citizen.wav"
"hl2\sound\npc\overwatch\radiovoice\UPI.wav"
"hl2\sound\npc\overwatch\radiovoice\noncitizen.wav"
"hl2\sound\npc\overwatch\radiovoice\sociocide.wav"
"hl2\sound\npc\overwatch\radiovoice\anticitizen.wav"
"hl2\sound\npc\overwatch\radiovoice\freeman.wav"
"hl2\sound\npc\overwatch\radiovoice\infection.wav"
"hl2\sound\npc\metropolice\vo\reportsightingsaccomplices.wav"
"hl2\sound\npc\metropolice\vo\off2.wav"
"hl2\sound\npc\metropolice\vo\suspectlocationunknown.wav"
"hl2\sound\npc\metropolice\vo\clearandcode100.wav"
"hl2\sound\npc\metropolice\vo\novisualonupi.wav"
"hl2\sound\npc\metropolice\vo\searchingforsuspect.wav"
"hl2\sound\npc\metropolice\vo\utlthatsuspect.wav"
"hl2\sound\npc\metropolice\vo\confirmadw.wav"
"hl2\sound\npc\metropolice\vo\allunitsbol34sat.wav"
"hl2\sound\npc\metropolice\vo\dispreportssuspectincursion.wav"
"hl2\sound\npc\metropolice\vo\dispupdatingapb.wav"
"hl2\sound\npc\overwatch\radiovoice\allunitsverdictcodeonsuspect.wav"
"hl2\sound\npc\overwatch\radiovoice\isnow.wav"
"hl2\sound\npc\overwatch\radiovoice\preparetoinnoculate.wav"
"hl2\sound\npc\overwatch\radiovoice\allunitsreturntocode12.wav"
"hl2\sound\npc\metropolice\vo\movealong3.wav"
"hl2\sound\npc\metropolice\vo\move.wav"
"hl2\sound\npc\metropolice\vo\keepmoving.wav"
"hl2\sound\npc\metropolice\vo\Isaidmovealong.wav"
"hl2\sound\npc\metropolice\vo\level3civilprivacyviolator.wav"
"hl2\sound\npc\metropolice\vo\malcompliant10107my1020.wav"
"hl2\sound\npc\metropolice\vo\preparingtojudge10-107.wav"
"hl2\sound\npc\metropolice\vo\readytoprosecutefinalwarning.wav"
"hl2\sound\npc\metropolice\vo\backup.wav"
"hl2\sound\npc\metropolice\vo\firstwarningmove.wav"
"hl2\sound\npc\metropolice\vo\movebackrightnow.wav"
"hl2\sound\npc\metropolice\vo\secondwarning.wav"
"hl2\sound\npc\metropolice\vo\issuingmalcompliantcitation.wav"
"hl2\sound\npc\metropolice\vo\finalwarning.wav"
"hl2\sound\npc\metropolice\vo\pacifying.wav"
"hl2\sound\npc\metropolice\vo\help.wav"
"hl2\sound\npc\metropolice\vo\breakhiscover.wav"
"hl2\sound\npc\metropolice\vo\destroythatcover.wav"
"hl2\sound\npc\metropolice\vo\firingtoexposetarget.wav"
"hl2\sound\npc\metropolice\vo\firetodislocateinterpose.wav"
"hl2\sound\npc\metropolice\vo\defender.wav"
"hl2\sound\npc\metropolice\vo\hero.wav"
"hl2\sound\npc\metropolice\vo\jury.wav"
"hl2\sound\npc\metropolice\vo\king.wav"
"hl2\sound\npc\metropolice\vo\line.wav"
"hl2\sound\npc\metropolice\vo\patrol.wav"
"hl2\sound\npc\metropolice\vo\quick.wav"
"hl2\sound\npc\metropolice\vo\roller.wav"
"hl2\sound\npc\metropolice\vo\stick.wav"
"hl2\sound\npc\metropolice\vo\tap.wav"
"hl2\sound\npc\metropolice\vo\union.wav"
"hl2\sound\npc\metropolice\vo\victor.wav"
"hl2\sound\npc\metropolice\vo\xray.wav"
"hl2\sound\npc\metropolice\vo\yellow.wav"
"hl2\sound\npc\metropolice\vo\vice.wav"
"hl2\sound\npc\metropolice\vo\ismovingin.wav"
"hl2\sound\npc\metropolice\vo\covermegoingin.wav"
"hl2\sound\npc\metropolice\vo\isclosingonsuspect.wav"
"hl2\sound\npc\metropolice\vo\converging.wav"
"hl2\sound\npc\overwatch\radiovoice\suspendnegotiations.wav"
"hl2\sound\npc\overwatch\radiovoice\officerclosingonsuspect.wav"
"hl2\sound\npc\overwatch\radiovoice\allunitsapplyforwardpressure.wav"
"hl2\sound\npc\metropolice\vo\investigating10-103.wav"
"hl2\sound\npc\metropolice\vo\Ihave10-30my10-20responding.wav"
"hl2\sound\npc\metropolice\vo\is415b.wav"
"hl2\sound\npc\metropolice\vo\responding2.wav"
"hl2\sound\npc\metropolice\vo\wegotadbherecancel10-102.wav"
"hl2\sound\npc\metropolice\vo\suspectisbleeding.wav"
"hl2\sound\npc\metropolice\vo\ispassive.wav"
"hl2\sound\npc\metropolice\vo\readytoamputate.wav"
"hl2\sound\npc\metropolice\vo\get11-44inboundcleaningup.wav"
"hl2\sound\npc\overwatch\radiovoice\on1.wav"
"hl2\sound\npc\overwatch\radiovoice\attentionyouhavebeenchargedwith.wav"
"hl2\sound\npc\overwatch\radiovoice\capitalmalcompliance.wav"
"hl2\sound\npc\overwatch\radiovoice\violationofcivictrust.wav"
"hl2\sound\npc\overwatch\radiovoice\promotingcommunalunrest.wav"
"hl2\sound\npc\overwatch\radiovoice\failuretocomply.wav"
"hl2\sound\npc\overwatch\radiovoice\level5anticivilactivity.wav"
"hl2\sound\npc\overwatch\radiovoice\destrutionofcpt.wav"
"hl2\sound\npc\overwatch\radiovoice\devisivesociocidal.wav"
"hl2\sound\npc\overwatch\radiovoice\incitingpopucide.wav"
"hl2\sound\npc\overwatch\radiovoice\preparetoreceiveverdict.wav"
"hl2\sound\npc\overwatch\radiovoice\terminalprosecution.wav"
"hl2\sound\npc\overwatch\radiovoice\disassociationfromcivic.wav"
"hl2\sound\npc\overwatch\radiovoice\attention.wav"
"hl2\sound\npc\overwatch\radiovoice\prepareforfinalsentencing.wav"
"hl2\sound\npc\overwatch\radiovoice\youarechargedwithterminal.wav"
"hl2\sound\npc\overwatch\radiovoice\completesentencingatwill.wav"
"hl2\sound\npc\overwatch\radiovoice\youarejudgedguilty.wav"
"hl2\sound\npc\overwatch\radiovoice\allunitsdeliverterminalverdict.wav"
"hl2\sound\npc\metropolice\vo\backmeupImout.wav"
"hl2\sound\npc\metropolice\vo\runninglowonverdicts.wav"
"hl2\sound\npc\metropolice\vo\officerunderfiretakingcover.wav"
"hl2\sound\npc\metropolice\vo\takecover.wav"
"hl2\sound\npc\metropolice\vo\movingtocover.wav"
"hl2\sound\npc\metropolice\vo\hidinglastseenatrange.wav"
"hl2\sound\npc\metropolice\vo\sweepingforsuspect.wav"
"hl2\sound\npc\overwatch\radiovoice\switchcomtotac3.wav"
"hl2\sound\npc\overwatch\radiovoice\reportplease.wav"
"hl2\sound\npc\overwatch\radiovoice\off4.wav"
"hl2\sound\npc\metropolice\vo\allunitsreportlocationsuspect.wav"
"hl2\sound\npc\metropolice\vo\nocontact.wav"
"hl2\sound\npc\metropolice\vo\cpweneedtoestablishaperimeterat.wav"
"hl2\sound\npc\metropolice\vo\utlsuspect.wav"
"hl2\sound\npc\overwatch\radiovoice\beginscanning10-0.wav"
"hl2\sound\npc\overwatch\radiovoice\switchtotac5reporttocp.wav"
"hl2\sound\npc\metropolice\vo\supsecthasmovednowto.wav"
"hl2\sound\npc\metropolice\vo\therehegoeshesat.wav"
"hl2\sound\npc\metropolice\vo\outbreak.wav"
"hl2\sound\npc\metropolice\vo\pressure.wav"
"hl2\sound\npc\metropolice\vo\document.wav"
"hl2\sound\npc\metropolice\vo\restrict.wav"
"hl2\sound\npc\metropolice\vo\intercede.wav"
"hl2\sound\npc\metropolice\vo\preserve.wav"
"hl2\sound\npc\metropolice\vo\search.wav"
"hl2\sound\npc\metropolice\vo\suspend.wav"
"hl2\sound\npc\metropolice\vo\investigate.wav"
"hl2\sound\npc\metropolice\vo\interlock.wav"
"hl2\sound\npc\metropolice\vo\isolate.wav"
"hl2\sound\npc\metropolice\vo\administer.wav"
"hl2\sound\npc\metropolice\vo\cauterize.wav"
"hl2\sound\npc\metropolice\vo\inject.wav"
"hl2\sound\npc\metropolice\vo\innoculate.wav"
"hl2\sound\npc\metropolice\vo\examine.wav"
"hl2\sound\npc\metropolice\vo\apply.wav"
"hl2\sound\npc\metropolice\vo\prosecute.wav"
"hl2\sound\npc\metropolice\vo\serve.wav"
"hl2\sound\npc\metropolice\vo\sterilize.wav"
"hl2\sound\npc\metropolice\vo\amputate.wav"
"hl2\sound\npc\metropolice\vo\lock.wav"
"hl2\sound\npc\metropolice\vo\matchonapblikeness.wav"
"hl2\sound\npc\metropolice\vo\confirmpriority1sighted.wav"
"hl2\sound\npc\metropolice\vo\location.wav"
"hl2\sound\npc\metropolice\vo\airwatchsubjectis505.wav"
"hl2\sound\npc\metropolice\vo\subjectis505.wav"
"hl2\sound\npc\metropolice\vo\subjectisnowhighspeed.wav"
"hl2\sound\npc\metropolice\vo\Ivegot408hereatlocation.wav"
"hl2\sound\npc\metropolice\vo\bugs.wav"
"hl2\sound\npc\metropolice\vo\bugsontheloose.wav"
"hl2\sound\npc\metropolice\vo\outlandbioticinhere.wav"
"hl2\sound\npc\metropolice\vo\shotsfiredhostilemalignants.wav"
"hl2\sound\npc\metropolice\vo\possible404here.wav"
"hl2\sound\npc\metropolice\vo\contactwithpriority2.wav"
"hl2\sound\npc\metropolice\vo\priority2anticitizenhere.wav"
"hl2\sound\npc\metropolice\vo\gotoneaccomplicehere.wav"
"hl2\sound\npc\metropolice\vo\freenecrotics.wav"
"hl2\sound\npc\metropolice\vo\necrotics.wav"
"hl2\sound\npc\metropolice\vo\malignant.wav"
"hl2\sound\npc\metropolice\vo\non-taggedviromeshere.wav"
"hl2\sound\npc\metropolice\vo\looseparasitics.wav"
"hl2\sound\npc\metropolice\vo\ten91dcountis.wav"
"hl2\sound\npc\metropolice\vo\tag10-91d.wav"
"hl2\sound\npc\metropolice\vo\tagonebug.wav"
"hl2\sound\npc\metropolice\vo\sentencedelivered.wav"
"hl2\sound\npc\metropolice\vo\finalverdictadministered.wav"
"hl2\sound\npc\metropolice\vo\protectioncomplete.wav"
"hl2\sound\npc\metropolice\vo\classifyasdbthisblockready.wav"
"hl2\sound\npc\overwatch\radiovoice\rewardnotice.wav"
"hl2\sound\npc\overwatch\radiovoice\finalverdictadministered.wav"
"hl2\sound\npc\overwatch\radiovoice\allunitsbeginwhitnesssterilization.wav"
"hl2\sound\npc\overwatch\radiovoice\sociostabilizationrestored.wav"
"hl2\sound\npc\metropolice\vo\expired.wav"
"hl2\sound\npc\metropolice\vo\dbcountis.wav"
"hl2\sound\npc\metropolice\vo\tagonenecrotic.wav"
"hl2\sound\npc\metropolice\vo\tagoneparasitic.wav"
"hl2\sound\npc\metropolice\vo\visceratordeployed.wav"
"hl2\sound\npc\metropolice\vo\tenzerovisceratorishunting.wav"
"hl2\sound\npc\metropolice\vo\visceratorisoffgrid.wav"
"hl2\sound\npc\metropolice\vo\requestsecondaryviscerator.wav"
"hl2\sound\npc\metropolice\vo\wehavea10-108.wav"
"hl2\sound\npc\metropolice\vo\isdown.wav"
"hl2\sound\npc\metropolice\vo\is10-108.wav"
"hl2\sound\npc\metropolice\vo\officerdowncode3tomy10-20.wav"
"hl2\sound\npc\metropolice\vo\officerdownIam10-99.wav"
"hl2\sound\npc\metropolice\vo\cpisoverrunwehavenocontainment.wav"
"hl2\sound\npc\overwatch\radiovoice\engagingteamisnoncohesive.wav"
"hl2\sound\npc\overwatch\radiovoice\reinforcementteamscode3.wav"
"hl2\sound\npc\metropolice\vo\grenade.wav"
"hl2\sound\npc\metropolice\vo\thatsagrenade.wav"
"hl2\sound\npc\metropolice\vo\getdown.wav"
"hl2\sound\npc\metropolice\vo\lookoutrogueviscerator.wav"
"hl2\sound\npc\metropolice\vo\visceratorisoc.wav"
"hl2\sound\npc\metropolice\vo\shit.wav"
"hl2\sound\npc\metropolice\vo\watchit.wav"
"hl2\sound\npc\metropolice\vo\lookout.wav"
"hl2\sound\npc\metropolice\vo\moveit.wav"
"hl2\sound\npc\metropolice\vo\movingtohardpoint.wav"
"hl2\sound\npc\metropolice\vo\inpositionathardpoint.wav"
"hl2\sound\npc\metropolice\vo\isathardpointreadytoprosecute.wav"
"hl2\sound\npc\metropolice\vo\hardpointscanning.wav"
"hl2\sound\npc\metropolice\vo\dismountinghardpoint.wav"
"hl2\sound\npc\metropolice\vo\inposition.wav"
"hl2\sound\npc\metropolice\vo\atcheckpoint.wav"
"hl2\sound\npc\metropolice\vo\isreadytogo.wav"
"hl2\sound\npc\metropolice\vo\readytojudge.wav"
"hl2\sound\npc\metropolice\vo\inpositiononeready.wav"
"hl2\sound\npc\metropolice\vo\isgo.wav"
"hl2\sound\npc\metropolice\vo\proceedtocheckpoints.wav"
"hl2\sound\npc\metropolice\vo\allunitscloseonsuspect.wav"
"hl2\sound\npc\metropolice\vo\allunitsmovein.wav"
"hl2\sound\npc\metropolice\vo\teaminpositionadvance.wav"
"hl2\sound\npc\metropolice\vo\ptgoagain.wav"
"hl2\sound\npc\metropolice\vo\assaultpointsecureadvance.wav"
"hl2\sound\npc\metropolice\vo\holdthisposition.wav"
"hl2\sound\npc\metropolice\vo\lockyourposition.wav"
"hl2\sound\npc\metropolice\vo\allunitsmaintainthiscp.wav"
"hl2\sound\npc\overwatch\radiovoice\lockdownlocationsacrificecode.wav"
"hl2\sound\npc\metropolice\vo\cpiscompromised.wav"
"hl2\sound\npc\metropolice\vo\establishnewcp.wav"
"hl2\sound\npc\metropolice\vo\goingtotakealook.wav"
"hl2\sound\npc\metropolice\vo\acquiringonvisual.wav"
"hl2\sound\npc\metropolice\vo\holditrightthere.wav"
"hl2\sound\npc\metropolice\vo\prepareforjudgement.wav"
"hl2\sound\npc\metropolice\vo\movetoarrestpositions.wav"
"hl2\sound\npc\metropolice\vo\positiontocontain.wav"
"hl2\sound\npc\metropolice\vo\preparefor1015.wav"
"hl2\sound\npc\metropolice\vo\hesrunning.wav"
"hl2\sound\npc\metropolice\vo\hesgone148.wav"
"hl2\sound\npc\metropolice\vo\readytoprosecute.wav"
"hl2\sound\npc\overwatch\radiovoice\allunitsverdictcodeis.wav"
"hl2\sound\npc\overwatch\radiovoice\suspectmalignantverdictcodeis.wav"
"hl2\sound\hl1\fvox\bell.wav"
"hl2\sound\hl1\fvox\beep.wav"
"hl2\sound\hl1\fvox\_comma.wav"
"hl2\sound\hl1\fvox\flatline.wav"
"hl2\sound\hl1\fvox\boop.wav"
"hl2\sound\hl1\fvox\innsuficient_medical.wav"
"hl2\sound\hl1\fvox\automedic_on.wav"
"hl2\sound\hl1\fvox\wound_sterilized.wav"
"hl2\sound\hl1\fvox\blip.wav"
"hl2\sound\hl1\fvox\hiss.wav"
"hl2\sound\hl1\fvox\morphine_shot.wav"
"hl2\sound\hl1\fvox\torniquette_applied.wav"
"hl2\sound\hl1\fvox\bleeding_stopped.wav"
"hl2\sound\hl1\fvox\blood_plasma.wav"
"hl2\sound\hl1\fvox\antitoxin_shot.wav"
"hl2\sound\hl1\fvox\antidote_shot.wav"
"hl2\sound\hl1\fvox\medical_repaired.wav"
"hl2\sound\hl1\fvox\minor_lacerations.wav"
"hl2\sound\hl1\fvox\major_lacerations.wav"
"hl2\sound\hl1\fvox\internal_bleeding.wav"
"hl2\sound\hl1\fvox\blood_toxins.wav"
"hl2\sound\hl1\fvox\minor_fracture.wav"
"hl2\sound\hl1\fvox\major_fracture.wav"
"hl2\sound\hl1\fvox\blood_loss.wav"
"hl2\sound\hl1\fvox\seek_medic.wav"
"hl2\sound\hl1\fvox\health_dropping.wav"
"hl2\sound\hl1\fvox\health_dropping2.wav"
"hl2\sound\hl1\fvox\health_critical.wav"
"hl2\sound\hl1\fvox\near_death.wav"
"hl2\sound\hl1\fvox\evacuate_area.wav"
"hl2\sound\hl1\fvox\immediately.wav"
"hl2\sound\hl1\fvox\warning.wav"
"hl2\sound\hl1\fvox\shock_damage.wav"
"hl2\sound\hl1\fvox\heat_damage.wav"
"hl2\sound\hl1\fvox\targetting_system.wav"
"hl2\sound\hl1\fvox\activated.wav"
"hl2\sound\hl1\fvox\deactivated.wav"
"hl2\sound\hl1\fvox\acquired.wav"
"hl2\sound\hl1\fvox\fuzz.wav"
"hl2\sound\hl1\fvox\power_restored.wav"
"hl2\sound\hl1\fvox\hev_shutdown.wav"
"hl2\sound\hl1\fvox\power_below.wav"
"hl2\sound\hl1\fvox\five.wav"
"hl2\sound\hl1\fvox\percent.wav"
"hl2\sound\hl1\fvox\ten.wav"
"hl2\sound\hl1\fvox\fifteen.wav"
"hl2\sound\hl1\fvox\twenty.wav"
"hl2\sound\hl1\fvox\thirty.wav"
"hl2\sound\hl1\fvox\fourty.wav"
"hl2\sound\hl1\fvox\fifty.wav"
"hl2\sound\hl1\fvox\sixty.wav"
"hl2\sound\hl1\fvox\seventy.wav"
"hl2\sound\hl1\fvox\eighty.wav"
"hl2\sound\hl1\fvox\ninety.wav"
"hl2\sound\hl1\fvox\power_level_is.wav"
"hl2\sound\hl1\fvox\onehundred.wav"
"hl2\sound\hl1\fvox\ammo_depleted.wav"
"hl2\sound\hl1\fvox\voice_on.wav"
"hl2\sound\hl1\fvox\voice_off.wav"
"hl2\sound\hl1\fvox\buzz.wav"
"hl2\sound\hl1\fvox\armor_gone.wav"
"hl2\sound\hl1\fvox\hev_critical_fail.wav"
"hl2\sound\hl1\fvox\hev_general_fail.wav"
"hl2\sound\hl1\fvox\hev_damage.wav"
"hl2\sound\hl1\fvox\powermove_overload.wav"
"hl2\sound\hl1\fvox\biohazard_detected.wav"
"hl2\sound\hl1\fvox\chemical_detected.wav"
"hl2\sound\hl1\fvox\radiation_detected.wav"
"hl2\sound\hl1\fvox\bio_reading.wav"
"hl2\reslists\engine.lst"
"hl2\scripts\soundmixers.txt"
"hl2\scripts\dsp_presets.txt"
"hl2\scripts\titles.txt"
"hl2\resource\ClientScheme.res"
"hl2\scripts\HudAnimations.txt"
"hl2\scripts\vgui_screens.txt"
"hl2\resource\closecaption_english.txt"
"hl2\materials\vgui\white_additive.vmt"
"hl2\materials\vgui\zoom.vmt"
"hl2\scripts\HudLayout.res"
"hl2\scripts\hud_textures.txt"
"hl2\materials\sprites\640hud3.vmt"
"hl2\materials\sprites\640hud3.vtf"
"hl2\materials\sprites\d_icons.vmt"
"hl2\materials\sprites\d_icons.vtf"
"hl2\materials\sprites\640hud8.vmt"
"hl2\materials\sprites\640hud8.vtf"
"hl2\materials\sprites\640hud9.vmt"
"hl2\materials\sprites\640hud9.vtf"
"hl2\materials\sprites\arrow.vmt"
"hl2\materials\sprites\arrow.vtf"
"hl2\materials\sprites\hud1.vmt"
"hl2\materials\sprites\hud1.vtf"
"hl2\materials\sprites\640hud5.vmt"
"hl2\materials\sprites\640hud5.vtf"
"hl2\materials\sprites\640hud6.vmt"
"hl2\materials\sprites\640hud6.vtf"
"hl2\materials\sprites\crosshairs.vmt"
"hl2\materials\sprites\crosshairs.vtf"
"hl2\materials\sprites\640hud4.vmt"
"hl2\materials\sprites\640hud4.vtf"
"hl2\materials\sprites\640hud1.vmt"
"hl2\materials\sprites\640hud1.vtf"
"hl2\materials\sprites\640hud2.vmt"
"hl2\materials\sprites\640hud2.vtf"
"hl2\materials\sprites\640hud7.vmt"
"hl2\materials\sprites\640hud7.vtf"
"hl2\materials\sprites\qi_center.vmt"
"hl2\materials\sprites\qi_center.vtf"
"hl2\materials\sprites\hud\v_crosshair2.vmt"
"hl2\materials\sprites\hud\v_crosshair2.vtf"
"hl2\materials\sprites\hud\v_crosshair1.vmt"
"hl2\materials\sprites\hud\v_crosshair1.vtf"
"hl2\resource\CombinePanelScheme.res"
"hl2\materials\decals\simpleshadow.vmt"
"hl2\materials\decals\rendershadow.vmt"
"hl2\materials\decals\rendermodelshadow.vmt"
"hl2\shaders\fxc\Shadow_vs20.vcs"
"hl2\shaders\fxc\Shadow_ps20.vcs"
"hl2\shaders\vsh\ShadowModel.vcs"
"hl2\shaders\psh\ShadowModel.vcs"
"hl2\materials\engine\modulatesinglecolor.vmt"
"hl2\materials\particle\screenspace_fog.vmt"
"hl2\voice_ban.dt"
"hl2\materials\voice\icntlk_pl.vmt"
"hl2\cfg\config_default.cfg"
"hl2\steam.inf"
"hl2\maplist.txt"
"hl2\maps\background01.bsp"
"hl2\maps\background02.bsp"
"hl2\maps\background03.bsp"
"hl2\maps\background04.bsp"
"hl2\maps\background05.bsp"
"hl2\maps\background06.bsp"
"hl2\maps\background07.bsp"
"hl2\maps\d1_trainstation_01.bsp"
"hl2\maps\d1_trainstation_02.bsp"
"hl2\maps\d1_trainstation_03.bsp"
"hl2\maps\d1_trainstation_04.bsp"
"hl2\maps\d1_trainstation_05.bsp"
"hl2\maps\d1_trainstation_06.bsp"
"hl2\maps\d1_canals_01.bsp"
"hl2\maps\d1_canals_01a.bsp"
"hl2\maps\d1_canals_02.bsp"
"hl2\maps\d1_canals_03.bsp"
"hl2\maps\d1_canals_05.bsp"
"hl2\maps\d1_canals_06.bsp"
"hl2\maps\d1_canals_07.bsp"
"hl2\maps\d1_canals_08.bsp"
"hl2\maps\d1_canals_09.bsp"
"hl2\maps\d1_canals_10.bsp"
"hl2\maps\d1_canals_11.bsp"
"hl2\maps\d1_canals_12.bsp"
"hl2\maps\d1_canals_13.bsp"
"hl2\maps\d1_eli_01.bsp"
"hl2\maps\d1_eli_02.bsp"
"hl2\maps\d1_town_01.bsp"
"hl2\maps\d1_town_01a.bsp"
"hl2\maps\d1_town_02.bsp"
"hl2\maps\d1_town_02a.bsp"
"hl2\maps\d1_town_03.bsp"
"hl2\maps\d1_town_04.bsp"
"hl2\maps\d1_town_05.bsp"
"hl2\maps\d2_coast_01.bsp"
"hl2\maps\d2_coast_03.bsp"
"hl2\maps\d2_coast_04.bsp"
"hl2\maps\d2_coast_05.bsp"
"hl2\maps\d2_coast_07.bsp"
"hl2\maps\d2_coast_08.bsp"
"hl2\maps\d2_coast_09.bsp"
"hl2\maps\d2_coast_10.bsp"
"hl2\maps\d2_coast_11.bsp"
"hl2\maps\d2_coast_12.bsp"
"hl2\maps\d2_prison_01.bsp"
"hl2\maps\d2_prison_02.bsp"
"hl2\maps\d2_prison_03.bsp"
"hl2\maps\d2_prison_04.bsp"
"hl2\maps\d2_prison_05.bsp"
"hl2\maps\d2_prison_06.bsp"
"hl2\maps\d2_prison_07.bsp"
"hl2\maps\d2_prison_08.bsp"
"hl2\maps\d3_c17_01.bsp"
"hl2\maps\d3_c17_02.bsp"
"hl2\maps\d3_c17_03.bsp"
"hl2\maps\d3_c17_04.bsp"
"hl2\maps\d3_c17_05.bsp"
"hl2\maps\d3_c17_06a.bsp"
"hl2\maps\d3_c17_06b.bsp"
"hl2\maps\d3_c17_07.bsp"
"hl2\maps\d3_c17_08.bsp"
"hl2\maps\d3_c17_09.bsp"
"hl2\maps\d3_c17_10a.bsp"
"hl2\maps\d3_c17_10b.bsp"
"hl2\maps\d3_c17_11.bsp"
"hl2\maps\d3_c17_12.bsp"
"hl2\maps\d3_c17_12b.bsp"
"hl2\maps\d3_c17_13.bsp"
"hl2\maps\d3_citadel_01.bsp"
"hl2\maps\d3_citadel_02.bsp"
"hl2\maps\d3_citadel_03.bsp"
"hl2\maps\d3_citadel_04.bsp"
"hl2\maps\d3_citadel_05.bsp"
"hl2\maps\d3_breen_01.bsp"
"hl2\maps\credits.bsp"
"hl2\cfg\valve.rc"
"hl2\materials\console\background01.vmt"
"hl2\materials\console\startup_loading.vmt"
"platform\config\FriendsData.vdf"
"hl2\materials\vgui\friends\icon_away.vmt"
"hl2\materials\vgui\friends\icon_away.vtf"
"hl2\materials\vgui\friends\icon_busy.vmt"
"hl2\materials\vgui\friends\icon_busy.vtf"
"hl2\materials\vgui\friends\icon_snooze.vmt"
"hl2\materials\vgui\friends\icon_snooze.vtf"
"platform\config\ServerBrowser.vdf"
"platform\config\MasterServers.vdf"
"hl2\reslists\engine.lst"
"hl2\reslists\engine.lst"
"hl2\reslists\engine.lst"
"hl2\reslists\engine.lst"
"hl2\reslists\engine.lst"
"hl2\reslists\engine.lst"
"hl2\reslists\engine.lst"
"hl2\reslists\engine.lst"
"hl2\reslists\engine.lst"
"hl2\reslists\engine.lst"
"hl2\reslists\engine.lst"
"hl2\reslists\engine.lst"
"hl2\reslists\engine.lst"
"hl2\reslists\engine.lst"
"hl2\reslists\engine.lst"
"hl2\reslists\engine.lst"
"hl2\reslists\engine.lst"
"hl2\reslists\engine.lst"
"hl2\reslists\engine.lst"
"hl2\reslists\engine.lst"
"hl2\reslists\engine.lst"
"hl2\reslists\engine.lst"
"hl2\reslists\engine.lst"
"hl2\reslists\engine.lst"
"hl2\reslists\engine.lst"
"hl2\reslists\engine.lst"
"hl2\reslists\engine.lst"
"hl2\reslists\engine.lst"
"hl2\reslists\engine.lst"
"hl2\reslists\engine.lst"
"hl2\reslists\engine.lst"
"hl2\reslists\engine.lst"
"hl2\reslists\engine.lst"
"hl2\reslists\engine.lst"
"hl2\reslists\engine.lst"
"hl2\reslists\engine.lst"
"hl2\reslists\engine.lst"
"hl2\reslists\engine.lst"
"hl2\reslists\engine.lst"
"hl2\reslists\engine.lst"
"hl2\reslists\engine.lst"
"hl2\reslists\engine.lst"
"hl2\reslists\engine.lst"
"hl2\reslists\engine.lst"
"hl2\reslists\engine.lst"
"hl2\reslists\engine.lst"
"hl2\reslists\engine.lst"
"hl2\reslists\engine.lst"
"hl2\reslists\engine.lst"
"hl2\reslists\engine.lst"
"hl2\reslists\engine.lst"
"hl2\reslists\engine.lst"
"hl2\reslists\engine.lst"
"hl2\reslists\engine.lst"
"hl2\reslists\engine.lst"
"hl2\reslists\engine.lst"
"hl2\reslists\engine.lst"
"hl2\reslists\engine.lst"
"hl2\reslists\engine.lst"
"hl2\reslists\engine.lst"
"hl2\reslists\engine.lst"
"hl2\reslists\engine.lst"
"hl2\reslists\engine.lst"
"hl2\reslists\engine.lst"
"hl2\reslists\engine.lst"
"hl2\reslists\engine.lst"
"hl2\reslists\engine.lst"
"hl2\reslists\engine.lst"
"hl2\reslists\engine.lst"
"hl2\reslists\engine.lst"
"hl2\reslists\engine.lst"
"hl2\reslists\engine.lst"
"hl2\reslists\engine.lst"
"hl2\reslists\engine.lst"
"hl2\reslists\engine.lst"
"hl2\reslists\engine.lst"
"hl2\reslists\engine.lst"
"hl2\reslists\engine.lst"
"hl2\reslists\engine.lst"
"hl2\reslists\engine.lst"
"hl2\reslists\engine.lst"
"hl2\reslists\engine.lst"
"hl2\reslists\engine.lst"
"hl2\reslists\engine.lst"
"hl2\reslists\engine.lst"
"hl2\reslists\engine.lst"
"hl2\reslists\engine.lst"
"hl2\reslists\engine.lst"
"hl2\reslists\engine.lst"
"hl2\reslists\engine.lst"
"hl2\reslists\engine.lst"
"hl2\reslists\engine.lst"
"hl2\reslists\engine.lst"
"hl2\reslists\engine.lst"
"hl2\reslists\engine.lst"
"hl2\reslists\engine.lst"
"hl2\reslists\engine.lst"
"hl2\reslists\engine.lst"
"hl2\reslists\engine.lst"
"hl2\reslists\engine.lst"
"hl2\reslists\engine.lst"
"hl2\reslists\engine.lst"
"hl2\reslists\engine.lst"
"hl2\reslists\engine.lst"
"hl2\reslists\engine.lst"
"hl2\reslists\engine.lst"
"hl2\reslists\engine.lst"
"hl2\reslists\engine.lst"
"hl2\reslists\engine.lst"
"hl2\reslists\engine.lst"
"hl2\reslists\engine.lst"
"hl2\reslists\engine.lst"
"hl2\reslists\engine.lst"
"hl2\reslists\engine.lst"
"hl2\reslists\engine.lst"
"hl2\reslists\engine.lst"
"hl2\reslists\engine.lst"
"hl2\reslists\engine.lst"
"hl2\reslists\engine.lst"
"hl2\reslists\engine.lst"
"hl2\reslists\engine.lst"
"hl2\reslists\engine.lst"
"hl2\reslists\engine.lst"
"hl2\reslists\engine.lst"
"hl2\reslists\engine.lst"
"hl2\reslists\engine.lst"
"hl2\reslists\engine.lst"
"hl2\reslists\engine.lst"
"hl2\reslists\engine.lst"
"hl2\reslists\engine.lst"
"hl2\reslists\engine.lst"
"hl2\reslists\engine.lst"
"hl2\reslists\engine.lst"
"hl2\reslists\engine.lst"
"hl2\reslists\engine.lst"
"hl2\reslists\engine.lst"
"hl2\reslists\engine.lst"
"hl2\reslists\engine.lst"
"hl2\reslists\engine.lst"
"hl2\reslists\engine.lst"
"hl2\reslists\engine.lst"
"hl2\reslists\engine.lst"
"hl2\reslists\engine.lst"
"hl2\reslists\engine.lst"
"hl2\reslists\engine.lst"
"hl2\reslists\engine.lst"
"hl2\reslists\engine.lst"
"hl2\reslists\engine.lst"
"hl2\reslists\engine.lst"
"hl2\reslists\engine.lst"
"hl2\reslists\engine.lst"
"hl2\reslists\engine.lst"
